{"/Users/konglili/Desktop/kk-libs/packages/demo/src/class-a.ts": {"path":"/Users/konglili/Desktop/kk-libs/packages/demo/src/class-a.ts","statementMap":{"0":{"start":{"line":3,"column":4},"end":{"line":3,"column":16}},"1":{"start":{"line":1,"column":0},"end":{"line":1,"column":13}}},"fnMap":{"0":{"name":"(anonymous_0)","decl":{"start":{"line":2,"column":9},"end":{"line":2,"column":20}},"loc":{"start":{"line":2,"column":20},"end":{"line":4,"column":3}}}},"branchMap":{},"s":{"0":1,"1":1},"f":{"0":1},"b":{}}
,"/Users/konglili/Desktop/kk-libs/packages/demo/src/index.ts": {"path":"/Users/konglili/Desktop/kk-libs/packages/demo/src/index.ts","statementMap":{"0":{"start":{"line":1,"column":0},"end":{"line":1,"column":30}},"1":{"start":{"line":2,"column":0},"end":{"line":2,"column":23}},"2":{"start":{"line":3,"column":0},"end":{"line":3,"column":19}},"3":{"start":{"line":9,"column":19},"end":{"line":19,"column":1}},"4":{"start":{"line":10,"column":2},"end":{"line":18,"column":5}},"5":{"start":{"line":11,"column":4},"end":{"line":17,"column":13}},"6":{"start":{"line":12,"column":6},"end":{"line":16,"column":null}},"7":{"start":{"line":13,"column":8},"end":{"line":13,"column":73}},"8":{"start":{"line":15,"column":8},"end":{"line":15,"column":64}},"9":{"start":{"line":21,"column":9},"end":{"line":21,"column":19}},"10":{"start":{"line":23,"column":0},"end":{"line":23,"column":30}}},"fnMap":{"0":{"name":"(anonymous_1)","decl":{"start":{"line":9,"column":19},"end":{"line":9,"column":22}},"loc":{"start":{"line":9,"column":24},"end":{"line":19,"column":1}}},"1":{"name":"(anonymous_2)","decl":{"start":{"line":10,"column":31},"end":{"line":10,"column":32}},"loc":{"start":{"line":10,"column":51},"end":{"line":18,"column":3}}},"2":{"name":"(anonymous_3)","decl":{"start":{"line":11,"column":15},"end":{"line":11,"column":18}},"loc":{"start":{"line":11,"column":20},"end":{"line":17,"column":5}}}},"branchMap":{"0":{"loc":{"start":{"line":12,"column":6},"end":{"line":16,"column":null}},"type":"if","locations":[{"start":{"line":12,"column":6},"end":{"line":16,"column":null}},{"start":{"line":14,"column":13},"end":{"line":16,"column":null}}]}},"s":{"0":1,"1":1,"2":1,"3":1,"4":1,"5":1,"6":1,"7":0,"8":1,"9":1,"10":1},"f":{"0":1,"1":1,"2":1},"b":{"0":[0,1]}}
}
